<?xml version="1.0" encoding="UTF-8"?>
<!-- Generated by org.testng.reporters.JUnitReportReporter -->
<testsuite hostname="KLN1139" failures="0" tests="1" name="testCases.ObserverLoginTest" time="4.234" errors="0" timestamp="2025-01-20T12:00:04 IST" skipped="0">
  <testcase classname="testCases.ObserverLoginTest" name="verify_observer_login" time="4.234"/>
</testsuite> <!-- testCases.ObserverLoginTest -->
