<?xml version="1.0" encoding="UTF-8"?>
<!-- Generated by org.testng.reporters.JUnitReportReporter -->
<testsuite hostname="KLN1139" failures="0" tests="1" name="testCases.LoginTest" time="3.214" errors="0" timestamp="2025-01-20T11:08:27 IST" skipped="0">
  <testcase classname="testCases.LoginTest" name="verify_login" time="3.214"/>
</testsuite> <!-- testCases.LoginTest -->
