<?xml version="1.0" encoding="UTF-8"?>
<!-- Generated by org.testng.reporters.JUnitReportReporter -->
<testsuite hostname="KLN1139" failures="0" tests="1" name="testCases.AdminLoginTest" time="0.525" errors="0" timestamp="2025-01-20T12:15:21 IST" skipped="0">
  <testcase classname="testCases.AdminLoginTest" name="verify_admin_login" time="0.525"/>
</testsuite> <!-- testCases.AdminLoginTest -->
